mode: set
github.com/domvcelos/rinha-de-backend-2023-q3/internal/people/count_people_handler.go:10.77,13.16 3 1
github.com/domvcelos/rinha-de-backend-2023-q3/internal/people/count_people_handler.go:13.16,18.3 4 1
github.com/domvcelos/rinha-de-backend-2023-q3/internal/people/count_people_handler.go:19.2,20.33 2 1
github.com/domvcelos/rinha-de-backend-2023-q3/internal/people/count_people_postgres.go:7.71,10.16 3 0
github.com/domvcelos/rinha-de-backend-2023-q3/internal/people/count_people_postgres.go:10.16,12.3 1 0
github.com/domvcelos/rinha-de-backend-2023-q3/internal/people/count_people_postgres.go:13.2,13.19 1 0
github.com/domvcelos/rinha-de-backend-2023-q3/internal/people/count_people_service.go:7.71,9.16 2 0
github.com/domvcelos/rinha-de-backend-2023-q3/internal/people/count_people_service.go:9.16,11.3 1 0
github.com/domvcelos/rinha-de-backend-2023-q3/internal/people/count_people_service.go:12.2,12.19 1 0
github.com/domvcelos/rinha-de-backend-2023-q3/internal/people/create_many_people_postgres.go:9.83,15.28 6 0
github.com/domvcelos/rinha-de-backend-2023-q3/internal/people/create_many_people_postgres.go:15.28,23.3 7 0
github.com/domvcelos/rinha-de-backend-2023-q3/internal/people/create_many_people_postgres.go:24.2,26.12 3 0
github.com/domvcelos/rinha-de-backend-2023-q3/internal/people/create_people_handler.go:12.78,16.16 4 0
github.com/domvcelos/rinha-de-backend-2023-q3/internal/people/create_people_handler.go:16.16,21.3 4 0
github.com/domvcelos/rinha-de-backend-2023-q3/internal/people/create_people_handler.go:22.2,24.16 3 0
github.com/domvcelos/rinha-de-backend-2023-q3/internal/people/create_people_handler.go:24.16,30.3 5 0
github.com/domvcelos/rinha-de-backend-2023-q3/internal/people/create_people_handler.go:31.2,32.16 2 0
github.com/domvcelos/rinha-de-backend-2023-q3/internal/people/create_people_handler.go:32.16,37.3 4 0
github.com/domvcelos/rinha-de-backend-2023-q3/internal/people/create_people_handler.go:38.2,39.16 2 0
github.com/domvcelos/rinha-de-backend-2023-q3/internal/people/create_people_handler.go:39.16,44.3 4 0
github.com/domvcelos/rinha-de-backend-2023-q3/internal/people/create_people_handler.go:45.2,46.35 2 0
github.com/domvcelos/rinha-de-backend-2023-q3/internal/people/create_people_postgres.go:9.76,13.16 2 0
github.com/domvcelos/rinha-de-backend-2023-q3/internal/people/create_people_postgres.go:13.16,15.3 1 0
github.com/domvcelos/rinha-de-backend-2023-q3/internal/people/create_people_postgres.go:16.2,18.16 3 0
github.com/domvcelos/rinha-de-backend-2023-q3/internal/people/create_people_postgres.go:18.16,20.3 1 0
github.com/domvcelos/rinha-de-backend-2023-q3/internal/people/create_people_postgres.go:21.2,21.12 1 0
github.com/domvcelos/rinha-de-backend-2023-q3/internal/people/create_people_service.go:14.80,17.42 3 0
github.com/domvcelos/rinha-de-backend-2023-q3/internal/people/create_people_service.go:17.42,19.3 1 0
github.com/domvcelos/rinha-de-backend-2023-q3/internal/people/create_people_service.go:20.2,24.16 5 0
github.com/domvcelos/rinha-de-backend-2023-q3/internal/people/create_people_service.go:24.16,26.3 1 0
github.com/domvcelos/rinha-de-backend-2023-q3/internal/people/create_people_service.go:27.2,28.16 2 0
github.com/domvcelos/rinha-de-backend-2023-q3/internal/people/create_people_service.go:28.16,30.3 1 0
github.com/domvcelos/rinha-de-backend-2023-q3/internal/people/create_people_service.go:31.2,32.16 2 0
github.com/domvcelos/rinha-de-backend-2023-q3/internal/people/create_people_service.go:32.16,34.3 1 0
github.com/domvcelos/rinha-de-backend-2023-q3/internal/people/create_people_service.go:35.2,35.16 1 0
github.com/domvcelos/rinha-de-backend-2023-q3/internal/people/create_people_worker.go:9.90,16.6 6 0
github.com/domvcelos/rinha-de-backend-2023-q3/internal/people/create_people_worker.go:16.6,17.10 1 0
github.com/domvcelos/rinha-de-backend-2023-q3/internal/people/create_people_worker.go:18.22,19.18 1 0
github.com/domvcelos/rinha-de-backend-2023-q3/internal/people/create_people_worker.go:19.18,21.5 1 0
github.com/domvcelos/rinha-de-backend-2023-q3/internal/people/create_people_worker.go:22.4,22.25 1 0
github.com/domvcelos/rinha-de-backend-2023-q3/internal/people/create_people_worker.go:22.25,23.57 1 0
github.com/domvcelos/rinha-de-backend-2023-q3/internal/people/create_people_worker.go:23.57,25.6 1 0
github.com/domvcelos/rinha-de-backend-2023-q3/internal/people/create_people_worker.go:26.5,27.40 2 0
github.com/domvcelos/rinha-de-backend-2023-q3/internal/people/create_people_worker.go:29.4,31.11 2 0
github.com/domvcelos/rinha-de-backend-2023-q3/internal/people/create_people_worker.go:31.11,33.5 1 0
github.com/domvcelos/rinha-de-backend-2023-q3/internal/people/create_people_worker.go:35.17,36.24 1 0
github.com/domvcelos/rinha-de-backend-2023-q3/internal/people/create_people_worker.go:36.24,37.57 1 0
github.com/domvcelos/rinha-de-backend-2023-q3/internal/people/create_people_worker.go:37.57,39.6 1 0
github.com/domvcelos/rinha-de-backend-2023-q3/internal/people/create_people_worker.go:41.4,42.39 2 0
github.com/domvcelos/rinha-de-backend-2023-q3/internal/people/find_by_id_people_handler.go:11.80,16.16 5 0
github.com/domvcelos/rinha-de-backend-2023-q3/internal/people/find_by_id_people_handler.go:16.16,21.3 4 0
github.com/domvcelos/rinha-de-backend-2023-q3/internal/people/find_by_id_people_handler.go:23.2,24.33 2 0
github.com/domvcelos/rinha-de-backend-2023-q3/internal/people/find_by_id_people_postgres.go:13.89,17.42 4 0
github.com/domvcelos/rinha-de-backend-2023-q3/internal/people/find_by_id_people_postgres.go:17.42,20.3 2 0
github.com/domvcelos/rinha-de-backend-2023-q3/internal/people/find_by_id_people_postgres.go:21.2,22.16 2 0
github.com/domvcelos/rinha-de-backend-2023-q3/internal/people/find_by_id_people_postgres.go:22.16,24.3 1 0
github.com/domvcelos/rinha-de-backend-2023-q3/internal/people/find_by_id_people_postgres.go:25.2,28.16 4 0
github.com/domvcelos/rinha-de-backend-2023-q3/internal/people/find_by_id_people_postgres.go:28.16,30.3 1 0
github.com/domvcelos/rinha-de-backend-2023-q3/internal/people/find_by_id_people_postgres.go:31.2,31.18 1 0
github.com/domvcelos/rinha-de-backend-2023-q3/internal/people/find_by_id_people_postgres.go:31.18,33.3 1 0
github.com/domvcelos/rinha-de-backend-2023-q3/internal/people/find_by_id_people_postgres.go:34.2,35.16 2 0
github.com/domvcelos/rinha-de-backend-2023-q3/internal/people/find_by_id_people_postgres.go:35.16,37.3 1 0
github.com/domvcelos/rinha-de-backend-2023-q3/internal/people/find_by_id_people_postgres.go:38.2,39.16 2 0
github.com/domvcelos/rinha-de-backend-2023-q3/internal/people/find_by_id_people_postgres.go:39.16,41.3 1 0
github.com/domvcelos/rinha-de-backend-2023-q3/internal/people/find_by_id_people_postgres.go:42.2,42.16 1 0
github.com/domvcelos/rinha-de-backend-2023-q3/internal/people/find_by_id_people_service.go:10.83,13.42 3 0
github.com/domvcelos/rinha-de-backend-2023-q3/internal/people/find_by_id_people_service.go:13.42,17.3 3 0
github.com/domvcelos/rinha-de-backend-2023-q3/internal/people/find_by_id_people_service.go:18.2,19.16 2 0
github.com/domvcelos/rinha-de-backend-2023-q3/internal/people/find_by_id_people_service.go:19.16,21.3 1 0
github.com/domvcelos/rinha-de-backend-2023-q3/internal/people/find_by_id_people_service.go:22.2,22.20 1 0
github.com/domvcelos/rinha-de-backend-2023-q3/internal/people/find_people_handler.go:10.76,14.17 3 0
github.com/domvcelos/rinha-de-backend-2023-q3/internal/people/find_people_handler.go:14.17,19.3 4 0
github.com/domvcelos/rinha-de-backend-2023-q3/internal/people/find_people_handler.go:20.2,21.16 2 0
github.com/domvcelos/rinha-de-backend-2023-q3/internal/people/find_people_handler.go:21.16,26.3 4 0
github.com/domvcelos/rinha-de-backend-2023-q3/internal/people/find_people_handler.go:28.2,29.33 2 0
github.com/domvcelos/rinha-de-backend-2023-q3/internal/people/find_people_postgres.go:13.90,18.42 5 0
github.com/domvcelos/rinha-de-backend-2023-q3/internal/people/find_people_postgres.go:18.42,21.3 2 0
github.com/domvcelos/rinha-de-backend-2023-q3/internal/people/find_people_postgres.go:22.2,23.16 2 0
github.com/domvcelos/rinha-de-backend-2023-q3/internal/people/find_people_postgres.go:23.16,25.3 1 0
github.com/domvcelos/rinha-de-backend-2023-q3/internal/people/find_people_postgres.go:26.2,29.18 3 0
github.com/domvcelos/rinha-de-backend-2023-q3/internal/people/find_people_postgres.go:29.18,33.19 4 0
github.com/domvcelos/rinha-de-backend-2023-q3/internal/people/find_people_postgres.go:33.19,35.4 1 0
github.com/domvcelos/rinha-de-backend-2023-q3/internal/people/find_people_postgres.go:36.3,36.31 1 0
github.com/domvcelos/rinha-de-backend-2023-q3/internal/people/find_people_postgres.go:38.2,38.16 1 0
github.com/domvcelos/rinha-de-backend-2023-q3/internal/people/find_people_postgres.go:38.16,40.3 1 0
github.com/domvcelos/rinha-de-backend-2023-q3/internal/people/find_people_postgres.go:41.2,42.16 2 0
github.com/domvcelos/rinha-de-backend-2023-q3/internal/people/find_people_postgres.go:42.16,44.3 1 0
github.com/domvcelos/rinha-de-backend-2023-q3/internal/people/find_people_postgres.go:45.2,46.16 2 0
github.com/domvcelos/rinha-de-backend-2023-q3/internal/people/find_people_postgres.go:46.16,48.3 1 0
github.com/domvcelos/rinha-de-backend-2023-q3/internal/people/find_people_postgres.go:50.2,50.22 1 0
github.com/domvcelos/rinha-de-backend-2023-q3/internal/people/find_people_service.go:7.90,9.16 2 0
github.com/domvcelos/rinha-de-backend-2023-q3/internal/people/find_people_service.go:9.16,11.3 1 0
github.com/domvcelos/rinha-de-backend-2023-q3/internal/people/find_people_service.go:12.2,12.20 1 0
github.com/domvcelos/rinha-de-backend-2023-q3/internal/people/people.go:23.83,25.16 2 0
github.com/domvcelos/rinha-de-backend-2023-q3/internal/people/people.go:25.16,27.3 1 0
github.com/domvcelos/rinha-de-backend-2023-q3/internal/people/people.go:28.2,28.18 1 0
github.com/domvcelos/rinha-de-backend-2023-q3/internal/people/people.go:28.18,30.3 1 0
github.com/domvcelos/rinha-de-backend-2023-q3/internal/people/people.go:31.2,36.8 1 0
github.com/domvcelos/rinha-de-backend-2023-q3/internal/people/people.go:38.75,41.31 3 0
github.com/domvcelos/rinha-de-backend-2023-q3/internal/people/people.go:41.31,43.17 2 0
github.com/domvcelos/rinha-de-backend-2023-q3/internal/people/people.go:43.17,45.4 1 0
github.com/domvcelos/rinha-de-backend-2023-q3/internal/people/people.go:46.3,46.32 1 0
github.com/domvcelos/rinha-de-backend-2023-q3/internal/people/people.go:49.2,49.25 1 0
github.com/domvcelos/rinha-de-backend-2023-q3/internal/people/people_handler.go:7.59,11.2 1 1
github.com/domvcelos/rinha-de-backend-2023-q3/internal/people/people_postgres.go:14.67,16.2 1 0
github.com/domvcelos/rinha-de-backend-2023-q3/internal/people/people_service.go:22.93,28.2 1 0
github.com/domvcelos/rinha-de-backend-2023-q3/internal/people/people_service_mock.go:13.48,17.2 1 1
github.com/domvcelos/rinha-de-backend-2023-q3/internal/people/people_service_mock.go:19.69,22.2 2 1
github.com/domvcelos/rinha-de-backend-2023-q3/internal/people/people_service_mock.go:24.84,26.2 1 0
github.com/domvcelos/rinha-de-backend-2023-q3/internal/people/people_service_mock.go:28.87,30.2 1 0
github.com/domvcelos/rinha-de-backend-2023-q3/internal/people/people_service_mock.go:31.88,33.2 1 0
